<?xml version="1.0" encoding="UTF-8"?>
<!-- Generated by org.testng.reporters.JUnitXMLReporter -->
<testsuite hostname="WNMMNA79GY0U1VN" name="Default test" tests="3" failures="0" timestamp="13 Jun 2018 07:17:39 GMT" time="135.191" errors="0">
  <testcase name="selectSpecificTransaction" time="62.321" classname="com.omnimobile.Testcases.TransactionHistory"/>
  <testcase name="viewTransactionsHistory" time="29.455" classname="com.omnimobile.Testcases.TransactionHistory"/>
  <testcase name="transactionListSwipe" time="43.405" classname="com.omnimobile.Testcases.TransactionHistory"/>
</testsuite> <!-- Default test -->
