<?xml version="1.0" encoding="UTF-8"?>
<!-- Generated by org.testng.reporters.JUnitXMLReporter -->
<testsuite hostname="WNMCA14R9Y6H03A" name="Default test" tests="2" failures="0" timestamp="8 Jul 2018 14:31:27 GMT" time="65.146" errors="0">
  <testcase name="verifyReviewScreen" time="35.282" classname="com.omnimobile.Testcases.ZelleSendConfirmationTests"/>
  <testcase name="verifySendMoneyConfirm" time="9.318" classname="com.omnimobile.Testcases.ZelleSendConfirmationTests"/>
</testsuite> <!-- Default test -->
