<?xml version="1.0" encoding="UTF-8"?>
<!-- Generated by org.testng.reporters.JUnitXMLReporter -->
<testsuite hostname="WKMUS8688945" failures="0" tests="3" name="Test" time="0.014" errors="0" timestamp="30 Apr 2018 06:00:30 GMT">
  <testcase classname="com.omnimobile.Testcases.AccountAccess" name="@BeforeSuite setup" time="0.0">
    <failure type="java.lang.NullPointerException">
      <![CDATA[java.lang.NullPointerException
	at com.omnimobile.commonUtilities.commonUtil.setCapabilities(commonUtil.java:47)
	at com.omnimobile.commonUtilities.Apploader.setup(Apploader.java:23)
... Removed 18 stack frames]]>
    </failure>
  </testcase> <!-- @BeforeSuite setup -->
  <testcase classname="com.omnimobile.Testcases.AccountAccess" name="login" time="0.001">
    <skipped/>
  </testcase> <!-- login -->
  <testcase classname="com.omnimobile.Testcases.AccountAccess" name="uicat" time="0.0">
    <skipped/>
  </testcase> <!-- uicat -->
  <testcase classname="com.omnimobile.app.AppTest" name="testApp" time="0.001">
    <skipped/>
  </testcase> <!-- testApp -->
</testsuite> <!-- Test -->
