<?xml version="1.0" encoding="UTF-8"?>
<!-- Generated by org.testng.reporters.JUnitXMLReporter -->
<testsuite hostname="WNMMNA79GY0U1VN" name="OmniApp-SmokeTest" tests="3" failures="3" timestamp="13 Jun 2018 03:31:31 GMT" time="0.03" errors="0">
  <testcase name="viewTransactionHistory" time="0.013" classname="com.omnimobile.Testcases.TransactionHistory">
    <failure type="java.lang.NullPointerException">
      <![CDATA[java.lang.NullPointerException
	at PageFactory.Login.userNameTextBox(Login.java:40)
	at com.omnimobile.Testcases.TransactionHistory.viewTransactionHistory(TransactionHistory.java:16)
... Removed 24 stack frames]]>
    </failure>
  </testcase> <!-- viewTransactionHistory -->
  <testcase name="login" time="0.001" classname="com.omnimobile.Testcases.AccountAccess">
    <failure type="java.lang.NullPointerException">
      <![CDATA[java.lang.NullPointerException
	at PageFactory.Login.userNameTextBox(Login.java:40)
	at com.omnimobile.Testcases.AccountAccess.login(AccountAccess.java:31)
... Removed 24 stack frames]]>
    </failure>
  </testcase> <!-- login -->
  <testcase name="rememberMe" time="0.001" classname="com.omnimobile.Testcases.AccountAccess">
    <failure type="java.lang.NullPointerException">
      <![CDATA[java.lang.NullPointerException
	at PageFactory.Login.userNameTextBox(Login.java:40)
	at com.omnimobile.Testcases.AccountAccess.rememberMe(AccountAccess.java:73)
... Removed 24 stack frames]]>
    </failure>
  </testcase> <!-- rememberMe -->
</testsuite> <!-- OmniApp-SmokeTest -->
