<?xml version="1.0" encoding="UTF-8"?>
<!-- Generated by org.testng.reporters.JUnitXMLReporter -->
<testsuite hostname="WNMMNA79GY0U1VN" name="OmniApp" tests="6" failures="6" timestamp="13 Jun 2018 03:38:01 GMT" time="0.046" errors="0">
  <testcase name="a_pendingTransactions" time="0.021" classname="com.omnimobile.Testcases.TransactionHistory">
    <failure type="java.lang.NullPointerException">
      <![CDATA[java.lang.NullPointerException
	at PageFactory.Acountdashboard.viewTransactionListButton(Acountdashboard.java:29)
	at com.omnimobile.Testcases.TransactionHistory.a_pendingTransactions(TransactionHistory.java:37)
... Removed 24 stack frames]]>
    </failure>
  </testcase> <!-- a_pendingTransactions -->
  <testcase name="viewTransactionHistory" time="0.001" classname="com.omnimobile.Testcases.TransactionHistory">
    <failure type="java.lang.NullPointerException">
      <![CDATA[java.lang.NullPointerException
	at PageFactory.Login.userNameTextBox(Login.java:40)
	at com.omnimobile.Testcases.TransactionHistory.viewTransactionHistory(TransactionHistory.java:16)
... Removed 24 stack frames]]>
    </failure>
  </testcase> <!-- viewTransactionHistory -->
  <testcase name="clearUsername" time="0.001" classname="com.omnimobile.Testcases.AccountAccess">
    <failure type="java.lang.NullPointerException">
      <![CDATA[java.lang.NullPointerException
	at PageFactory.Login.userNameTextBox(Login.java:40)
	at com.omnimobile.Testcases.AccountAccess.clearUsername(AccountAccess.java:51)
... Removed 24 stack frames]]>
    </failure>
  </testcase> <!-- clearUsername -->
  <testcase name="login" time="0.001" classname="com.omnimobile.Testcases.AccountAccess">
    <failure type="java.lang.NullPointerException">
      <![CDATA[java.lang.NullPointerException
	at PageFactory.Login.userNameTextBox(Login.java:40)
	at com.omnimobile.Testcases.AccountAccess.login(AccountAccess.java:31)
... Removed 24 stack frames]]>
    </failure>
  </testcase> <!-- login -->
  <testcase name="rememberMe" time="0.001" classname="com.omnimobile.Testcases.AccountAccess">
    <failure type="java.lang.NullPointerException">
      <![CDATA[java.lang.NullPointerException
	at PageFactory.Login.userNameTextBox(Login.java:40)
	at com.omnimobile.Testcases.AccountAccess.rememberMe(AccountAccess.java:73)
... Removed 24 stack frames]]>
    </failure>
  </testcase> <!-- rememberMe -->
  <testcase name="showPassword" time="0.001" classname="com.omnimobile.Testcases.AccountAccess">
    <failure type="java.lang.NullPointerException">
      <![CDATA[java.lang.NullPointerException
	at PageFactory.Login.userNameTextBox(Login.java:40)
	at com.omnimobile.Testcases.AccountAccess.showPassword(AccountAccess.java:104)
... Removed 24 stack frames]]>
    </failure>
  </testcase> <!-- showPassword -->
</testsuite> <!-- OmniApp -->
