<?xml version="1.0" encoding="UTF-8"?>
<testsuite xmlns:xsi="http://www.w3.org/2001/XMLSchema-instance" xsi:noNamespaceSchemaLocation="https://maven.apache.org/surefire/maven-surefire-plugin/xsd/surefire-test-report.xsd" name="TestSuite" time="54.711" tests="4" errors="0" skipped="0" failures="4">
  <properties>
[...]
</properties>
  <testcase name="viewTransactionsHistory" classname="com.omnimobile.Testcases.TransactionHistory" time="32.501">
    <failure type="java.lang.NullPointerException">java.lang.NullPointerException
	at com.omnimobile.Testcases.TransactionHistory.viewTransactionsHistory(TransactionHistory.java:25)
</failure>
    <system-out><![CDATA[iOS
11.3
iOS
]]></system-out>
    <system-err><![CDATA[Jul 02, 2018 9:27:49 PM org.openqa.selenium.remote.ProtocolHandshake createSession
INFO: Detected dialect: OSS
]]></system-err>
  </testcase>
  <testcase name="switchBetweenAccounts" classname="com.omnimobile.Testcases.TransactionHistory" time="3.702">
    <failure message="Returned value cannot be converted to WebElement: {stacktrace=NoSuchElementError: An element could not be located on the page using the given search parameters.&#10;    at XCUITestDriver.callee$0$0$ (/Applications/Appium.app/Contents/Resources/app/node_modules/appium-xcuitest-driver/lib/commands/find.js:130:13)&#10;    at tryCatch (/Applications/Appium.app/Contents/Resources/app/node_modules/appium-xcuitest-driver/node_modules/babel-runtime/regenerator/runtime.js:67:40)&#10;    at GeneratorFunctionPrototype.invoke [as _invoke] (/Applications/Appium.app/Contents/Resources/app/node_modules/appium-xcuitest-driver/node_modules/babel-runtime/regenerator/runtime.js:315:22)&#10;    at GeneratorFunctionPrototype.prototype.(anonymous function) [as throw] (/Applications/Appium.app/Contents/Resources/app/node_modules/appium-xcuitest-driver/node_modules/babel-runtime/regenerator/runtime.js:100:21)&#10;    at GeneratorFunctionPrototype.invoke (/Applications/Appium.app/Contents/Resources/app/node_modules/appium-xcuitest-driver/node_modules/babel-runtime/regenerator/runtime.js:136:37)&#10;    at &lt;anonymous&gt;, error=no such element, message=An element could not be located on the page using the given search parameters.}&#10;Build info: version: &apos;3.11.0&apos;, revision: &apos;e59cfb3&apos;, time: &apos;2018-03-11T20:26:55.152Z&apos;&#10;System info: host: &apos;WNMCA14R9Y6H03A&apos;, ip: &apos;fe80:0:0:0:1070:978f:5ad6:b64f%en0&apos;, os.name: &apos;Mac OS X&apos;, os.arch: &apos;x86_64&apos;, os.version: &apos;10.13.4&apos;, java.version: &apos;1.8.0_172&apos;&#10;Driver info: driver.version: IOSDriver" type="org.openqa.selenium.WebDriverException"><![CDATA[org.openqa.selenium.WebDriverException: 
Returned value cannot be converted to WebElement: {stacktrace=NoSuchElementError: An element could not be located on the page using the given search parameters.
    at XCUITestDriver.callee$0$0$ (/Applications/Appium.app/Contents/Resources/app/node_modules/appium-xcuitest-driver/lib/commands/find.js:130:13)
    at tryCatch (/Applications/Appium.app/Contents/Resources/app/node_modules/appium-xcuitest-driver/node_modules/babel-runtime/regenerator/runtime.js:67:40)
    at GeneratorFunctionPrototype.invoke [as _invoke] (/Applications/Appium.app/Contents/Resources/app/node_modules/appium-xcuitest-driver/node_modules/babel-runtime/regenerator/runtime.js:315:22)
    at GeneratorFunctionPrototype.prototype.(anonymous function) [as throw] (/Applications/Appium.app/Contents/Resources/app/node_modules/appium-xcuitest-driver/node_modules/babel-runtime/regenerator/runtime.js:100:21)
    at GeneratorFunctionPrototype.invoke (/Applications/Appium.app/Contents/Resources/app/node_modules/appium-xcuitest-driver/node_modules/babel-runtime/regenerator/runtime.js:136:37)
    at <anonymous>, error=no such element, message=An element could not be located on the page using the given search parameters.}
Build info: version: '3.11.0', revision: 'e59cfb3', time: '2018-03-11T20:26:55.152Z'
System info: host: 'WNMCA14R9Y6H03A', ip: 'fe80:0:0:0:1070:978f:5ad6:b64f%en0', os.name: 'Mac OS X', os.arch: 'x86_64', os.version: '10.13.4', java.version: '1.8.0_172'
Driver info: driver.version: IOSDriver
	at com.omnimobile.Testcases.TransactionHistory.switchBetweenAccounts(TransactionHistory.java:78)
Caused by: java.lang.ClassCastException: com.google.common.collect.Maps$TransformedEntriesMap cannot be cast to org.openqa.selenium.WebElement
	at com.omnimobile.Testcases.TransactionHistory.switchBetweenAccounts(TransactionHistory.java:78)
]]></failure>
  </testcase>
  <testcase name="transactionListInitialLoad" classname="com.omnimobile.Testcases.TransactionHistory" time="2.272">
    <failure message="Returned value cannot be converted to WebElement: {stacktrace=NoSuchElementError: An element could not be located on the page using the given search parameters.&#10;    at XCUITestDriver.callee$0$0$ (/Applications/Appium.app/Contents/Resources/app/node_modules/appium-xcuitest-driver/lib/commands/find.js:130:13)&#10;    at tryCatch (/Applications/Appium.app/Contents/Resources/app/node_modules/appium-xcuitest-driver/node_modules/babel-runtime/regenerator/runtime.js:67:40)&#10;    at GeneratorFunctionPrototype.invoke [as _invoke] (/Applications/Appium.app/Contents/Resources/app/node_modules/appium-xcuitest-driver/node_modules/babel-runtime/regenerator/runtime.js:315:22)&#10;    at GeneratorFunctionPrototype.prototype.(anonymous function) [as throw] (/Applications/Appium.app/Contents/Resources/app/node_modules/appium-xcuitest-driver/node_modules/babel-runtime/regenerator/runtime.js:100:21)&#10;    at GeneratorFunctionPrototype.invoke (/Applications/Appium.app/Contents/Resources/app/node_modules/appium-xcuitest-driver/node_modules/babel-runtime/regenerator/runtime.js:136:37)&#10;    at &lt;anonymous&gt;, error=no such element, message=An element could not be located on the page using the given search parameters.}&#10;Build info: version: &apos;3.11.0&apos;, revision: &apos;e59cfb3&apos;, time: &apos;2018-03-11T20:26:55.152Z&apos;&#10;System info: host: &apos;WNMCA14R9Y6H03A&apos;, ip: &apos;fe80:0:0:0:1070:978f:5ad6:b64f%en0&apos;, os.name: &apos;Mac OS X&apos;, os.arch: &apos;x86_64&apos;, os.version: &apos;10.13.4&apos;, java.version: &apos;1.8.0_172&apos;&#10;Driver info: driver.version: IOSDriver" type="org.openqa.selenium.WebDriverException"><![CDATA[org.openqa.selenium.WebDriverException: 
Returned value cannot be converted to WebElement: {stacktrace=NoSuchElementError: An element could not be located on the page using the given search parameters.
    at XCUITestDriver.callee$0$0$ (/Applications/Appium.app/Contents/Resources/app/node_modules/appium-xcuitest-driver/lib/commands/find.js:130:13)
    at tryCatch (/Applications/Appium.app/Contents/Resources/app/node_modules/appium-xcuitest-driver/node_modules/babel-runtime/regenerator/runtime.js:67:40)
    at GeneratorFunctionPrototype.invoke [as _invoke] (/Applications/Appium.app/Contents/Resources/app/node_modules/appium-xcuitest-driver/node_modules/babel-runtime/regenerator/runtime.js:315:22)
    at GeneratorFunctionPrototype.prototype.(anonymous function) [as throw] (/Applications/Appium.app/Contents/Resources/app/node_modules/appium-xcuitest-driver/node_modules/babel-runtime/regenerator/runtime.js:100:21)
    at GeneratorFunctionPrototype.invoke (/Applications/Appium.app/Contents/Resources/app/node_modules/appium-xcuitest-driver/node_modules/babel-runtime/regenerator/runtime.js:136:37)
    at <anonymous>, error=no such element, message=An element could not be located on the page using the given search parameters.}
Build info: version: '3.11.0', revision: 'e59cfb3', time: '2018-03-11T20:26:55.152Z'
System info: host: 'WNMCA14R9Y6H03A', ip: 'fe80:0:0:0:1070:978f:5ad6:b64f%en0', os.name: 'Mac OS X', os.arch: 'x86_64', os.version: '10.13.4', java.version: '1.8.0_172'
Driver info: driver.version: IOSDriver
	at com.omnimobile.Testcases.TransactionHistory.transactionListInitialLoad(TransactionHistory.java:109)
Caused by: java.lang.ClassCastException: com.google.common.collect.Maps$TransformedEntriesMap cannot be cast to org.openqa.selenium.WebElement
	at com.omnimobile.Testcases.TransactionHistory.transactionListInitialLoad(TransactionHistory.java:109)
]]></failure>
  </testcase>
  <testcase name="selectSpecificTransaction" classname="com.omnimobile.Testcases.TransactionHistory" time="8.367">
    <failure message="Returned value cannot be converted to WebElement: {stacktrace=NoSuchElementError: An element could not be located on the page using the given search parameters.&#10;    at XCUITestDriver.callee$0$0$ (/Applications/Appium.app/Contents/Resources/app/node_modules/appium-xcuitest-driver/lib/commands/find.js:130:13)&#10;    at tryCatch (/Applications/Appium.app/Contents/Resources/app/node_modules/appium-xcuitest-driver/node_modules/babel-runtime/regenerator/runtime.js:67:40)&#10;    at GeneratorFunctionPrototype.invoke [as _invoke] (/Applications/Appium.app/Contents/Resources/app/node_modules/appium-xcuitest-driver/node_modules/babel-runtime/regenerator/runtime.js:315:22)&#10;    at GeneratorFunctionPrototype.prototype.(anonymous function) [as throw] (/Applications/Appium.app/Contents/Resources/app/node_modules/appium-xcuitest-driver/node_modules/babel-runtime/regenerator/runtime.js:100:21)&#10;    at GeneratorFunctionPrototype.invoke (/Applications/Appium.app/Contents/Resources/app/node_modules/appium-xcuitest-driver/node_modules/babel-runtime/regenerator/runtime.js:136:37)&#10;    at &lt;anonymous&gt;, error=no such element, message=An element could not be located on the page using the given search parameters.}&#10;Build info: version: &apos;3.11.0&apos;, revision: &apos;e59cfb3&apos;, time: &apos;2018-03-11T20:26:55.152Z&apos;&#10;System info: host: &apos;WNMCA14R9Y6H03A&apos;, ip: &apos;fe80:0:0:0:1070:978f:5ad6:b64f%en0&apos;, os.name: &apos;Mac OS X&apos;, os.arch: &apos;x86_64&apos;, os.version: &apos;10.13.4&apos;, java.version: &apos;1.8.0_172&apos;&#10;Driver info: driver.version: IOSDriver" type="org.openqa.selenium.WebDriverException"><![CDATA[org.openqa.selenium.WebDriverException: 
Returned value cannot be converted to WebElement: {stacktrace=NoSuchElementError: An element could not be located on the page using the given search parameters.
    at XCUITestDriver.callee$0$0$ (/Applications/Appium.app/Contents/Resources/app/node_modules/appium-xcuitest-driver/lib/commands/find.js:130:13)
    at tryCatch (/Applications/Appium.app/Contents/Resources/app/node_modules/appium-xcuitest-driver/node_modules/babel-runtime/regenerator/runtime.js:67:40)
    at GeneratorFunctionPrototype.invoke [as _invoke] (/Applications/Appium.app/Contents/Resources/app/node_modules/appium-xcuitest-driver/node_modules/babel-runtime/regenerator/runtime.js:315:22)
    at GeneratorFunctionPrototype.prototype.(anonymous function) [as throw] (/Applications/Appium.app/Contents/Resources/app/node_modules/appium-xcuitest-driver/node_modules/babel-runtime/regenerator/runtime.js:100:21)
    at GeneratorFunctionPrototype.invoke (/Applications/Appium.app/Contents/Resources/app/node_modules/appium-xcuitest-driver/node_modules/babel-runtime/regenerator/runtime.js:136:37)
    at <anonymous>, error=no such element, message=An element could not be located on the page using the given search parameters.}
Build info: version: '3.11.0', revision: 'e59cfb3', time: '2018-03-11T20:26:55.152Z'
System info: host: 'WNMCA14R9Y6H03A', ip: 'fe80:0:0:0:1070:978f:5ad6:b64f%en0', os.name: 'Mac OS X', os.arch: 'x86_64', os.version: '10.13.4', java.version: '1.8.0_172'
Driver info: driver.version: IOSDriver
	at com.omnimobile.Testcases.TransactionHistory.selectSpecificTransaction(TransactionHistory.java:36)
Caused by: java.lang.ClassCastException: com.google.common.collect.Maps$TransformedEntriesMap cannot be cast to org.openqa.selenium.WebElement
	at com.omnimobile.Testcases.TransactionHistory.selectSpecificTransaction(TransactionHistory.java:36)
]]></failure>
  </testcase>
</testsuite>