<?xml version="1.0" encoding="UTF-8"?>
<testng-results skipped="0" failed="1" total="4" passed="3">
  <reporter-output>
  </reporter-output>
  <suite name="Default suite" duration-ms="29099" started-at="2018-05-08T02:23:18Z" finished-at="2018-05-08T02:23:47Z">
    <groups>
      <group name="RegressionTest">
        <method signature="AccountAccess.clearUsername()[pri:0, instance:com.omnimobile.Testcases.AccountAccess@5f341870]" name="clearUsername" class="com.omnimobile.Testcases.AccountAccess"/>
        <method signature="AccountAccess.login()[pri:0, instance:com.omnimobile.Testcases.AccountAccess@5f341870]" name="login" class="com.omnimobile.Testcases.AccountAccess"/>
        <method signature="AccountAccess.rememberMe()[pri:0, instance:com.omnimobile.Testcases.AccountAccess@5f341870]" name="rememberMe" class="com.omnimobile.Testcases.AccountAccess"/>
        <method signature="AccountAccess.showPassword()[pri:0, instance:com.omnimobile.Testcases.AccountAccess@5f341870]" name="showPassword" class="com.omnimobile.Testcases.AccountAccess"/>
      </group> <!-- RegressionTest -->
      <group name="smokeTest">
        <method signature="AccountAccess.login()[pri:0, instance:com.omnimobile.Testcases.AccountAccess@5f341870]" name="login" class="com.omnimobile.Testcases.AccountAccess"/>
        <method signature="AccountAccess.rememberMe()[pri:0, instance:com.omnimobile.Testcases.AccountAccess@5f341870]" name="rememberMe" class="com.omnimobile.Testcases.AccountAccess"/>
      </group> <!-- smokeTest -->
    </groups>
    <test name="Default test" duration-ms="29099" started-at="2018-05-08T02:23:18Z" finished-at="2018-05-08T02:23:47Z">
      <class name="com.omnimobile.Testcases.AccountAccess">
        <test-method status="PASS" signature="setup()[pri:0, instance:com.omnimobile.Testcases.AccountAccess@5f341870]" name="setup" is-config="true" duration-ms="25648" started-at="2018-05-07T21:22:52Z" finished-at="2018-05-07T21:23:18Z">
          <reporter-output>
          </reporter-output>
        </test-method> <!-- setup -->
        <test-method status="PASS" signature="clearUsername()[pri:0, instance:com.omnimobile.Testcases.AccountAccess@5f341870]" name="clearUsername" duration-ms="7243" started-at="2018-05-07T21:23:18Z" finished-at="2018-05-07T21:23:25Z">
          <reporter-output>
          </reporter-output>
        </test-method> <!-- clearUsername -->
        <test-method status="PASS" signature="login()[pri:0, instance:com.omnimobile.Testcases.AccountAccess@5f341870]" name="login" duration-ms="6457" started-at="2018-05-07T21:23:25Z" finished-at="2018-05-07T21:23:31Z">
          <reporter-output>
          </reporter-output>
        </test-method> <!-- login -->
        <test-method status="PASS" signature="rememberMe()[pri:0, instance:com.omnimobile.Testcases.AccountAccess@5f341870]" name="rememberMe" duration-ms="8888" started-at="2018-05-07T21:23:31Z" finished-at="2018-05-07T21:23:40Z">
          <reporter-output>
          </reporter-output>
        </test-method> <!-- rememberMe -->
        <test-method status="FAIL" signature="showPassword()[pri:0, instance:com.omnimobile.Testcases.AccountAccess@5f341870]" name="showPassword" duration-ms="6498" started-at="2018-05-07T21:23:40Z" finished-at="2018-05-07T21:23:47Z">
          <exception class="java.lang.NullPointerException">
            <full-stacktrace>
              <![CDATA[java.lang.NullPointerException
	at com.omnimobile.Testcases.AccountAccess.showPassword(AccountAccess.java:91)
	at sun.reflect.NativeMethodAccessorImpl.invoke0(Native Method)
	at sun.reflect.NativeMethodAccessorImpl.invoke(NativeMethodAccessorImpl.java:62)
	at sun.reflect.DelegatingMethodAccessorImpl.invoke(DelegatingMethodAccessorImpl.java:43)
	at java.lang.reflect.Method.invoke(Method.java:498)
	at org.testng.internal.MethodInvocationHelper.invokeMethod(MethodInvocationHelper.java:80)
	at org.testng.internal.Invoker.invokeMethod(Invoker.java:714)
	at org.testng.internal.Invoker.invokeTestMethod(Invoker.java:901)
	at org.testng.internal.Invoker.invokeTestMethods(Invoker.java:1231)
	at org.testng.internal.TestMethodWorker.invokeTestMethods(TestMethodWorker.java:127)
	at org.testng.internal.TestMethodWorker.run(TestMethodWorker.java:111)
	at org.testng.TestRunner.privateRun(TestRunner.java:767)
	at org.testng.TestRunner.run(TestRunner.java:617)
	at org.testng.SuiteRunner.runTest(SuiteRunner.java:334)
	at org.testng.SuiteRunner.runSequentially(SuiteRunner.java:329)
	at org.testng.SuiteRunner.privateRun(SuiteRunner.java:291)
	at org.testng.SuiteRunner.run(SuiteRunner.java:240)
	at org.testng.SuiteRunnerWorker.runSuite(SuiteRunnerWorker.java:52)
	at org.testng.SuiteRunnerWorker.run(SuiteRunnerWorker.java:86)
	at org.testng.TestNG.runSuitesSequentially(TestNG.java:1198)
	at org.testng.TestNG.runSuitesLocally(TestNG.java:1123)
	at org.testng.TestNG.run(TestNG.java:1031)
	at org.testng.remote.AbstractRemoteTestNG.run(AbstractRemoteTestNG.java:114)
	at org.testng.remote.RemoteTestNG.initAndRun(RemoteTestNG.java:251)
	at org.testng.remote.RemoteTestNG.main(RemoteTestNG.java:77)
]]>
            </full-stacktrace>
          </exception> <!-- java.lang.NullPointerException -->
          <reporter-output>
          </reporter-output>
        </test-method> <!-- showPassword -->
        <test-method status="PASS" signature="tearDown()[pri:0, instance:com.omnimobile.Testcases.AccountAccess@5f341870]" name="tearDown" is-config="true" duration-ms="287" started-at="2018-05-07T21:23:47Z" finished-at="2018-05-07T21:23:47Z">
          <reporter-output>
          </reporter-output>
        </test-method> <!-- tearDown -->
      </class> <!-- com.omnimobile.Testcases.AccountAccess -->
    </test> <!-- Default test -->
  </suite> <!-- Default suite -->
</testng-results>
