<?xml version="1.0" encoding="UTF-8"?>
<testng-results skipped="0" failed="0" total="2" passed="2">
  <reporter-output>
    <line>
      <![CDATA[Review send screen Displayed As Expected]]>
    </line>
    <line>
      <![CDATA[ Rview button enabled for maximum amount as expected]]>
    </line>
    <line>
      <![CDATA[ Review screen displayed as expected]]>
    </line>
    <line>
      <![CDATA[Confirmation screen displayed as expected]]>
    </line>
    <line>
      <![CDATA[Confirmation Icon displayed as expected]]>
    </line>
    <line>
      <![CDATA[Confirmation screen displayed as expected]]>
    </line>
  </reporter-output>
  <suite name="Default suite" duration-ms="51691" started-at="2018-08-13T23:18:34Z" finished-at="2018-08-13T23:19:26Z">
    <groups>
      <group name="RegressionTest">
        <method signature="ZelleRespondToRequestConfirmationTests.verifyReviewScreen()[pri:0, instance:com.omnimobile.Testcases.ZelleRespondToRequestConfirmationTests@8b96fde]" name="verifyReviewScreen" class="com.omnimobile.Testcases.ZelleRespondToRequestConfirmationTests"/>
        <method signature="ZelleRespondToRequestConfirmationTests.verifySendMoneyConfirm()[pri:0, instance:com.omnimobile.Testcases.ZelleRespondToRequestConfirmationTests@8b96fde]" name="verifySendMoneyConfirm" class="com.omnimobile.Testcases.ZelleRespondToRequestConfirmationTests"/>
      </group> <!-- RegressionTest -->
      <group name="smokeTest">
        <method signature="ZelleRespondToRequestConfirmationTests.verifySendMoneyConfirm()[pri:0, instance:com.omnimobile.Testcases.ZelleRespondToRequestConfirmationTests@8b96fde]" name="verifySendMoneyConfirm" class="com.omnimobile.Testcases.ZelleRespondToRequestConfirmationTests"/>
      </group> <!-- smokeTest -->
    </groups>
    <test name="Default test" duration-ms="51691" started-at="2018-08-13T23:18:34Z" finished-at="2018-08-13T23:19:26Z">
      <class name="com.omnimobile.Testcases.ZelleRespondToRequestConfirmationTests">
        <test-method status="PASS" signature="setup()[pri:0, instance:com.omnimobile.Testcases.ZelleRespondToRequestConfirmationTests@8b96fde]" name="setup" is-config="true" duration-ms="5587" started-at="2018-08-13T16:18:28Z" finished-at="2018-08-13T16:18:34Z">
          <reporter-output>
          </reporter-output>
        </test-method> <!-- setup -->
        <test-method status="PASS" signature="login()[pri:0, instance:com.omnimobile.Testcases.ZelleRespondToRequestConfirmationTests@8b96fde]" name="login" is-config="true" duration-ms="24856" started-at="2018-08-13T16:18:34Z" finished-at="2018-08-13T16:18:59Z">
          <reporter-output>
          </reporter-output>
        </test-method> <!-- login -->
        <test-method status="PASS" signature="verifyReviewScreen()[pri:0, instance:com.omnimobile.Testcases.ZelleRespondToRequestConfirmationTests@8b96fde]" name="verifyReviewScreen" duration-ms="13374" started-at="2018-08-13T16:18:59Z" finished-at="2018-08-13T16:19:12Z">
          <reporter-output>
            <line>
              <![CDATA[Review send screen Displayed As Expected]]>
            </line>
            <line>
              <![CDATA[ Rview button enabled for maximum amount as expected]]>
            </line>
            <line>
              <![CDATA[ Review screen displayed as expected]]>
            </line>
          </reporter-output>
        </test-method> <!-- verifyReviewScreen -->
        <test-method status="PASS" signature="verifySendMoneyConfirm()[pri:0, instance:com.omnimobile.Testcases.ZelleRespondToRequestConfirmationTests@8b96fde]" name="verifySendMoneyConfirm" duration-ms="13449" started-at="2018-08-13T16:19:12Z" finished-at="2018-08-13T16:19:26Z">
          <reporter-output>
            <line>
              <![CDATA[Confirmation screen displayed as expected]]>
            </line>
            <line>
              <![CDATA[Confirmation Icon displayed as expected]]>
            </line>
            <line>
              <![CDATA[Confirmation screen displayed as expected]]>
            </line>
          </reporter-output>
        </test-method> <!-- verifySendMoneyConfirm -->
        <test-method status="PASS" signature="tearDown()[pri:0, instance:com.omnimobile.Testcases.ZelleRespondToRequestConfirmationTests@8b96fde]" name="tearDown" is-config="true" duration-ms="0" started-at="2018-08-13T16:19:26Z" finished-at="2018-08-13T16:19:26Z">
          <reporter-output>
          </reporter-output>
        </test-method> <!-- tearDown -->
      </class> <!-- com.omnimobile.Testcases.ZelleRespondToRequestConfirmationTests -->
    </test> <!-- Default test -->
  </suite> <!-- Default suite -->
</testng-results>
