<?xml version="1.0" encoding="UTF-8"?>
<!-- Generated by org.testng.reporters.JUnitXMLReporter -->
<testsuite hostname="WKMUS8688945" failures="1" tests="4" name="OmniApp" time="26.686" errors="0" timestamp="7 May 2018 21:37:14 GMT">
  <testcase classname="com.omnimobile.Testcases.AccountAccess" name="clearUsername" time="5.696"/>
  <testcase classname="com.omnimobile.Testcases.AccountAccess" name="login" time="6.301"/>
  <testcase classname="com.omnimobile.Testcases.AccountAccess" name="rememberMe" time="8.419"/>
  <testcase classname="com.omnimobile.Testcases.AccountAccess" name="showPassword" time="6.258">
    <failure type="java.lang.NullPointerException">
      <![CDATA[java.lang.NullPointerException
	at com.omnimobile.Testcases.AccountAccess.showPassword(AccountAccess.java:91)
... Removed 24 stack frames]]>
    </failure>
  </testcase> <!-- showPassword -->
</testsuite> <!-- OmniApp -->
