<?xml version="1.0" encoding="UTF-8"?>
<!-- Generated by org.testng.reporters.JUnitXMLReporter -->
<testsuite hostname="WKMUS8688945" name="OmniApp" tests="4" failures="1" timestamp="8 May 2018 19:16:21 GMT" time="30.248" errors="0">
  <testcase name="clearUsername" time="6.389" classname="com.omnimobile.Testcases.AccountAccess"/>
  <testcase name="login" time="7.048" classname="com.omnimobile.Testcases.AccountAccess"/>
  <testcase name="rememberMe" time="9.7" classname="com.omnimobile.Testcases.AccountAccess"/>
  <testcase name="showPassword" time="7.1" classname="com.omnimobile.Testcases.AccountAccess">
    <failure type="java.lang.NullPointerException">
      <![CDATA[java.lang.NullPointerException
	at com.omnimobile.Testcases.AccountAccess.showPassword(AccountAccess.java:91)
	at org.apache.maven.surefire.testng.TestNGExecutor.run(TestNGExecutor.java:283)
	at org.apache.maven.surefire.testng.TestNGXmlTestSuite.execute(TestNGXmlTestSuite.java:75)
	at org.apache.maven.surefire.testng.TestNGProvider.invoke(TestNGProvider.java:120)
	at org.apache.maven.surefire.booter.ForkedBooter.invokeProviderInSameClassLoader(ForkedBooter.java:379)
	at org.apache.maven.surefire.booter.ForkedBooter.runSuitesInProcess(ForkedBooter.java:340)
	at org.apache.maven.surefire.booter.ForkedBooter.execute(ForkedBooter.java:125)
	at org.apache.maven.surefire.booter.ForkedBooter.main(ForkedBooter.java:413)
... Removed 21 stack frames]]>
    </failure>
  </testcase> <!-- showPassword -->
</testsuite> <!-- OmniApp -->
